<?xml version="1.0" encoding="UTF-8"?>
<testng-results skipped="0" failed="0" total="0" passed="0">
  <reporter-output>
  </reporter-output>
  <suite name="TestNG-TESTING" duration-ms="7" started-at="2019-01-08T12:01:35Z" finished-at="2019-01-08T12:01:35Z">
    <groups>
    </groups>
    <test name="TESTING-TestNG" duration-ms="7" started-at="2019-01-08T12:01:35Z" finished-at="2019-01-08T12:01:35Z">
    </test> <!-- TESTING-TestNG -->
  </suite> <!-- TestNG-TESTING -->
</testng-results>
